c:\dev\snekcpp\snek\debug\vc143.pdb
c:\dev\snekcpp\snek\debug\vc143.idb
c:\dev\snekcpp\snek\debug\grid.obj
c:\dev\snekcpp\snek\debug\imgui_widgets.obj
c:\dev\snekcpp\snek\debug\imgui_tables.obj
c:\dev\snekcpp\snek\debug\imgui_impl_win32.obj
c:\dev\snekcpp\snek\debug\imgui_impl_dx9.obj
c:\dev\snekcpp\snek\debug\imgui_draw.obj
c:\dev\snekcpp\snek\debug\imgui_demo.obj
c:\dev\snekcpp\snek\debug\imgui.obj
c:\dev\snekcpp\snek\debug\main.obj
c:\dev\snekcpp\snek\debug\guitestmain.obj
c:\dev\snekcpp\snek\debug\gui.obj
c:\dev\snekcpp\snek\debug\client.obj
c:\dev\snekcpp\snek\debug\classes.obj
c:\dev\snekcpp\snek\debug\gui.h.ifc
c:\dev\snekcpp\snek\debug\gui.h.ifc.d.json
c:\dev\snekcpp\snek\debug\gui.h.obj
c:\dev\snekcpp\snek\debug\snek.ilk
c:\dev\snekcpp\debug\snek.exe
c:\dev\snekcpp\debug\snek.pdb
c:\dev\snekcpp\snek\debug\gui.h.module.json
c:\dev\snekcpp\snek\debug\snek.tlog\cl.command.1.tlog
c:\dev\snekcpp\snek\debug\snek.tlog\cl.items.tlog
c:\dev\snekcpp\snek\debug\snek.tlog\cl.read.1.tlog
c:\dev\snekcpp\snek\debug\snek.tlog\cl.write.1.tlog
c:\dev\snekcpp\snek\debug\snek.tlog\link.command.1.tlog
c:\dev\snekcpp\snek\debug\snek.tlog\link.read.1.tlog
c:\dev\snekcpp\snek\debug\snek.tlog\link.write.1.tlog
c:\dev\snekcpp\snek\debug\snek_md.tlog\cl.command.1.tlog
c:\dev\snekcpp\snek\debug\snek_md.tlog\microsoft.build.cpptasks.cl.read.1.tlog
c:\dev\snekcpp\snek\debug\snek_md.tlog\microsoft.build.cpptasks.cl.write.1.tlog
