  Scanning sources for module dependencies...
  gui.h
  Compiling...
  gui.h
C:\Program Files (x86)\Windows Kits\10\Include\10.0.22621.0\um\winnt.h(1005,1): message : sorry: 'inline' function definition for 'ULONGLONG Int64ShllMod32(ULONGLONG,DWORD)' could not be written to module due to unrecognized expression or statement at 'C:\Program Files (x86)\Windows Kits\10\Include\10.0.22621.0\um\winnt.h(1010,5)'.
C:\Program Files (x86)\Windows Kits\10\Include\10.0.22621.0\um\winnt.h(1005,1): message : If possible please provide a repro here: https://developercommunity.visualstudio.com
  (compiling source file 'gui.h')
  
C:\Program Files (x86)\Windows Kits\10\Include\10.0.22621.0\um\winnt.h(1021,1): message : sorry: 'inline' function definition for 'LONGLONG Int64ShraMod32(LONGLONG,DWORD)' could not be written to module due to unrecognized expression or statement at 'C:\Program Files (x86)\Windows Kits\10\Include\10.0.22621.0\um\winnt.h(1026,5)'.
C:\Program Files (x86)\Windows Kits\10\Include\10.0.22621.0\um\winnt.h(1021,1): message : If possible please provide a repro here: https://developercommunity.visualstudio.com
  (compiling source file 'gui.h')
  
C:\Program Files (x86)\Windows Kits\10\Include\10.0.22621.0\um\winnt.h(1037,1): message : sorry: 'inline' function definition for 'ULONGLONG Int64ShrlMod32(ULONGLONG,DWORD)' could not be written to module due to unrecognized expression or statement at 'C:\Program Files (x86)\Windows Kits\10\Include\10.0.22621.0\um\winnt.h(1042,5)'.
C:\Program Files (x86)\Windows Kits\10\Include\10.0.22621.0\um\winnt.h(1037,1): message : If possible please provide a repro here: https://developercommunity.visualstudio.com
  (compiling source file 'gui.h')
  
C:\dev\SnekCpp\Snek\gui.h(8,16): warning C5260: the constant variable 'gui::WIDTH' has internal linkage in an included header file context, but external linkage in imported header unit context; consider declaring it 'inline' as well if it will be shared across translation units, or 'static' to express intent to use it local to this translation unit
C:\dev\SnekCpp\Snek\gui.h(9,16): warning C5260: the constant variable 'gui::HEIGHT' has internal linkage in an included header file context, but external linkage in imported header unit context; consider declaring it 'inline' as well if it will be shared across translation units, or 'static' to express intent to use it local to this translation unit
  classes.cpp
  client.cpp
  gui.cpp
  guitestmain.cpp
  main.cpp
  imgui.cpp
  imgui_demo.cpp
  imgui_draw.cpp
  imgui_impl_dx9.cpp
  imgui_impl_win32.cpp
  imgui_tables.cpp
  imgui_widgets.cpp
  grid.cpp
C:\dev\SnekCpp\Snek\grid.cpp(28,56): warning C4244: 'argument': conversion from 'int' to 'float', possible loss of data
C:\dev\SnekCpp\Snek\grid.cpp(28,37): warning C4244: 'argument': conversion from 'int' to 'float', possible loss of data
C:\dev\SnekCpp\Snek\grid.cpp(29,69): warning C4244: 'argument': conversion from 'int' to 'float', possible loss of data
C:\dev\SnekCpp\Snek\grid.cpp(29,44): warning C4244: 'argument': conversion from 'int' to 'float', possible loss of data
  Generating Code...
  Snek.vcxproj -> C:\dev\SnekCpp\Debug\Snek.exe
