c:\dev\snekcpp\snek\release\vc143.pdb
c:\dev\snekcpp\snek\release\main.obj
c:\dev\snekcpp\snek\release\imgui_widgets.obj
c:\dev\snekcpp\snek\release\imgui_tables.obj
c:\dev\snekcpp\snek\release\imgui_impl_win32.obj
c:\dev\snekcpp\snek\release\imgui_impl_dx9.obj
c:\dev\snekcpp\snek\release\imgui_draw.obj
c:\dev\snekcpp\snek\release\imgui_demo.obj
c:\dev\snekcpp\snek\release\imgui.obj
c:\dev\snekcpp\snek\release\guitestmain.obj
c:\dev\snekcpp\snek\release\gui.obj
c:\dev\snekcpp\snek\release\grid.obj
c:\dev\snekcpp\snek\release\client.obj
c:\dev\snekcpp\snek\release\classes.obj
c:\dev\snekcpp\snek\release\gui.h.ifc
c:\dev\snekcpp\snek\release\gui.h.ifc.d.json
c:\dev\snekcpp\snek\release\gui.h.obj
c:\dev\snekcpp\release\snek.exe
c:\dev\snekcpp\snek\release\snek.ipdb
c:\dev\snekcpp\snek\release\snek.iobj
c:\dev\snekcpp\release\snek.pdb
c:\dev\snekcpp\snek\release\guicpp.h.module.json
c:\dev\snekcpp\snek\release\gui.h.module.json
c:\dev\snekcpp\snek\release\snek.tlog\cl.command.1.tlog
c:\dev\snekcpp\snek\release\snek.tlog\cl.items.tlog
c:\dev\snekcpp\snek\release\snek.tlog\cl.read.1.tlog
c:\dev\snekcpp\snek\release\snek.tlog\cl.write.1.tlog
c:\dev\snekcpp\snek\release\snek.tlog\link.command.1.tlog
c:\dev\snekcpp\snek\release\snek.tlog\link.read.1.tlog
c:\dev\snekcpp\snek\release\snek.tlog\link.write.1.tlog
c:\dev\snekcpp\snek\release\snek_md.tlog\cl.command.1.tlog
c:\dev\snekcpp\snek\release\snek_md.tlog\microsoft.build.cpptasks.cl.read.1.tlog
c:\dev\snekcpp\snek\release\snek_md.tlog\microsoft.build.cpptasks.cl.write.1.tlog
